<?xml version="1.0" encoding="UTF-8"?>
<testsuite name="demo.AppTest" tests="1" skipped="0" failures="0" errors="0" timestamp="2022-05-07T19:08:55" hostname="NCJDGWFPT4" time="0.007">
  <properties/>
  <testcase name="appHasAGreeting" classname="demo.AppTest" time="0.007"/>
  <system-out><![CDATA[]]></system-out>
  <system-err><![CDATA[]]></system-err>
</testsuite>
